[2015-11-28 19:54:50] production.ERROR: exception 'RuntimeException' with message 'The source file "/Users/alexfoisy/Sites/ElieJosiePhotographie/themes/ejp161003/assets/vendor/bootstrap/css/bootstrap.min.css" does not exist.' in /Users/alexfoisy/Sites/ElieJosiePhotographie/vendor/kriswallsmith/assetic/src/Assetic/Asset/FileAsset.php:73
Stack trace:
#0 /Users/alexfoisy/Sites/ElieJosiePhotographie/vendor/kriswallsmith/assetic/src/Assetic/Asset/AssetCollection.php(203): Assetic\Asset\FileAsset->getLastModified()
#1 /Users/alexfoisy/Sites/ElieJosiePhotographie/vendor/kriswallsmith/assetic/src/Assetic/Asset/AssetCache.php(112): Assetic\Asset\AssetCollection->getLastModified()
#2 /Users/alexfoisy/Sites/ElieJosiePhotographie/modules/system/Classes/CombineAssets.php(293): Assetic\Asset\AssetCache->getLastModified()
#3 /Users/alexfoisy/Sites/ElieJosiePhotographie/modules/system/Classes/CombineAssets.php(139): System\Classes\CombineAssets->prepareRequest(Array, '/Users/alexfois...')
#4 /Users/alexfoisy/Sites/ElieJosiePhotographie/modules/cms/Classes/Controller.php(1138): System\Classes\CombineAssets::combine(Array, '/Users/alexfois...')
#5 /Users/alexfoisy/Sites/ElieJosiePhotographie/modules/cms/Twig/Extension.php(187): Cms\Classes\Controller->themeUrl(Array)
#6 /Users/alexfoisy/Sites/ElieJosiePhotographie/vendor/twig/twig/lib/Twig/Environment.php(403) : eval()'d code(49): Cms\Twig\Extension->themeFilter(Array)
#7 /Users/alexfoisy/Sites/ElieJosiePhotographie/vendor/twig/twig/lib/Twig/Template.php(381): __TwigTemplate_9395553f489fca7ad25d630f367405a5cc4663ec22cd4b7f09f1251cf9974c6b->doDisplay(Array, Array)
#8 /Users/alexfoisy/Sites/ElieJosiePhotographie/vendor/twig/twig/lib/Twig/Template.php(355): Twig_Template->displayWithErrorHandling(Array, Array)
#9 /Users/alexfoisy/Sites/ElieJosiePhotographie/vendor/twig/twig/lib/Twig/Template.php(366): Twig_Template->display(Array)
#10 /Users/alexfoisy/Sites/ElieJosiePhotographie/modules/cms/Classes/Controller.php(380): Twig_Template->render(Array)
#11 /Users/alexfoisy/Sites/ElieJosiePhotographie/modules/cms/Classes/Controller.php(208): Cms\Classes\Controller->runPage(Object(Cms\Classes\Page))
#12 /Users/alexfoisy/Sites/ElieJosiePhotographie/modules/cms/Classes/CmsController.php(47): Cms\Classes\Controller->run('/')
#13 [internal function]: Cms\Classes\CmsController->run('/')
#14 /Users/alexfoisy/Sites/ElieJosiePhotographie/vendor/laravel/framework/src/Illuminate/Routing/Controller.php(246): call_user_func_array(Array, Array)
#15 /Users/alexfoisy/Sites/ElieJosiePhotographie/vendor/laravel/framework/src/Illuminate/Routing/ControllerDispatcher.php(162): Illuminate\Routing\Controller->callAction('run', Array)
#16 /Users/alexfoisy/Sites/ElieJosiePhotographie/vendor/laravel/framework/src/Illuminate/Routing/ControllerDispatcher.php(107): Illuminate\Routing\ControllerDispatcher->call(Object(Cms\Classes\CmsController), Object(Illuminate\Routing\Route), 'run')
#17 [internal function]: Illuminate\Routing\ControllerDispatcher->Illuminate\Routing\{closure}(Object(Illuminate\Http\Request))
#18 /Users/alexfoisy/Sites/ElieJosiePhotographie/vendor/laravel/framework/src/Illuminate/Pipeline/Pipeline.php(141): call_user_func(Object(Closure), Object(Illuminate\Http\Request))
#19 [internal function]: Illuminate\Pipeline\Pipeline->Illuminate\Pipeline\{closure}(Object(Illuminate\Http\Request))
#20 /Users/alexfoisy/Sites/ElieJosiePhotographie/vendor/laravel/framework/src/Illuminate/Pipeline/Pipeline.php(101): call_user_func(Object(Closure), Object(Illuminate\Http\Request))
#21 /Users/alexfoisy/Sites/ElieJosiePhotographie/vendor/laravel/framework/src/Illuminate/Routing/ControllerDispatcher.php(108): Illuminate\Pipeline\Pipeline->then(Object(Closure))
#22 /Users/alexfoisy/Sites/ElieJosiePhotographie/vendor/laravel/framework/src/Illuminate/Routing/ControllerDispatcher.php(67): Illuminate\Routing\ControllerDispatcher->callWithinStack(Object(Cms\Classes\CmsController), Object(Illuminate\Routing\Route), Object(Illuminate\Http\Request), 'run')
#23 /Users/alexfoisy/Sites/ElieJosiePhotographie/vendor/laravel/framework/src/Illuminate/Routing/Route.php(204): Illuminate\Routing\ControllerDispatcher->dispatch(Object(Illuminate\Routing\Route), Object(Illuminate\Http\Request), 'Cms\\Classes\\Cms...', 'run')
#24 /Users/alexfoisy/Sites/ElieJosiePhotographie/vendor/laravel/framework/src/Illuminate/Routing/Route.php(134): Illuminate\Routing\Route->runWithCustomDispatcher(Object(Illuminate\Http\Request))
#25 /Users/alexfoisy/Sites/ElieJosiePhotographie/vendor/laravel/framework/src/Illuminate/Routing/Router.php(701): Illuminate\Routing\Route->run(Object(Illuminate\Http\Request))
#26 [internal function]: Illuminate\Routing\Router->Illuminate\Routing\{closure}(Object(Illuminate\Http\Request))
#27 /Users/alexfoisy/Sites/ElieJosiePhotographie/vendor/laravel/framework/src/Illuminate/Pipeline/Pipeline.php(141): call_user_func(Object(Closure), Object(Illuminate\Http\Request))
#28 [internal function]: Illuminate\Pipeline\Pipeline->Illuminate\Pipeline\{closure}(Object(Illuminate\Http\Request))
#29 /Users/alexfoisy/Sites/ElieJosiePhotographie/vendor/laravel/framework/src/Illuminate/Pipeline/Pipeline.php(101): call_user_func(Object(Closure), Object(Illuminate\Http\Request))
#30 /Users/alexfoisy/Sites/ElieJosiePhotographie/vendor/laravel/framework/src/Illuminate/Routing/Router.php(703): Illuminate\Pipeline\Pipeline->then(Object(Closure))
#31 /Users/alexfoisy/Sites/ElieJosiePhotographie/vendor/laravel/framework/src/Illuminate/Routing/Router.php(670): Illuminate\Routing\Router->runRouteWithinStack(Object(Illuminate\Routing\Route), Object(Illuminate\Http\Request))
#32 /Users/alexfoisy/Sites/ElieJosiePhotographie/vendor/laravel/framework/src/Illuminate/Routing/Router.php(628): Illuminate\Routing\Router->dispatchToRoute(Object(Illuminate\Http\Request))
#33 /Users/alexfoisy/Sites/ElieJosiePhotographie/vendor/laravel/framework/src/Illuminate/Foundation/Http/Kernel.php(214): Illuminate\Routing\Router->dispatch(Object(Illuminate\Http\Request))
#34 [internal function]: Illuminate\Foundation\Http\Kernel->Illuminate\Foundation\Http\{closure}(Object(Illuminate\Http\Request))
#35 /Users/alexfoisy/Sites/ElieJosiePhotographie/vendor/laravel/framework/src/Illuminate/Pipeline/Pipeline.php(141): call_user_func(Object(Closure), Object(Illuminate\Http\Request))
#36 /Users/alexfoisy/Sites/ElieJosiePhotographie/vendor/laravel/framework/src/Illuminate/View/Middleware/ShareErrorsFromSession.php(55): Illuminate\Pipeline\Pipeline->Illuminate\Pipeline\{closure}(Object(Illuminate\Http\Request))
#37 /Users/alexfoisy/Sites/ElieJosiePhotographie/vendor/laravel/framework/src/Illuminate/Pipeline/Pipeline.php(125): Illuminate\View\Middleware\ShareErrorsFromSession->handle(Object(Illuminate\Http\Request), Object(Closure))
#38 /Users/alexfoisy/Sites/ElieJosiePhotographie/vendor/laravel/framework/src/Illuminate/Session/Middleware/StartSession.php(61): Illuminate\Pipeline\Pipeline->Illuminate\Pipeline\{closure}(Object(Illuminate\Http\Request))
#39 /Users/alexfoisy/Sites/ElieJosiePhotographie/vendor/laravel/framework/src/Illuminate/Pipeline/Pipeline.php(125): Illuminate\Session\Middleware\StartSession->handle(Object(Illuminate\Http\Request), Object(Closure))
#40 /Users/alexfoisy/Sites/ElieJosiePhotographie/vendor/laravel/framework/src/Illuminate/Cookie/Middleware/AddQueuedCookiesToResponse.php(36): Illuminate\Pipeline\Pipeline->Illuminate\Pipeline\{closure}(Object(Illuminate\Http\Request))
#41 /Users/alexfoisy/Sites/ElieJosiePhotographie/vendor/laravel/framework/src/Illuminate/Pipeline/Pipeline.php(125): Illuminate\Cookie\Middleware\AddQueuedCookiesToResponse->handle(Object(Illuminate\Http\Request), Object(Closure))
#42 /Users/alexfoisy/Sites/ElieJosiePhotographie/vendor/laravel/framework/src/Illuminate/Cookie/Middleware/EncryptCookies.php(40): Illuminate\Pipeline\Pipeline->Illuminate\Pipeline\{closure}(Object(Illuminate\Http\Request))
#43 /Users/alexfoisy/Sites/ElieJosiePhotographie/vendor/laravel/framework/src/Illuminate/Pipeline/Pipeline.php(125): Illuminate\Cookie\Middleware\EncryptCookies->handle(Object(Illuminate\Http\Request), Object(Closure))
#44 /Users/alexfoisy/Sites/ElieJosiePhotographie/vendor/laravel/framework/src/Illuminate/Foundation/Http/Middleware/CheckForMaintenanceMode.php(42): Illuminate\Pipeline\Pipeline->Illuminate\Pipeline\{closure}(Object(Illuminate\Http\Request))
#45 /Users/alexfoisy/Sites/ElieJosiePhotographie/vendor/laravel/framework/src/Illuminate/Pipeline/Pipeline.php(125): Illuminate\Foundation\Http\Middleware\CheckForMaintenanceMode->handle(Object(Illuminate\Http\Request), Object(Closure))
#46 [internal function]: Illuminate\Pipeline\Pipeline->Illuminate\Pipeline\{closure}(Object(Illuminate\Http\Request))
#47 /Users/alexfoisy/Sites/ElieJosiePhotographie/vendor/laravel/framework/src/Illuminate/Pipeline/Pipeline.php(101): call_user_func(Object(Closure), Object(Illuminate\Http\Request))
#48 /Users/alexfoisy/Sites/ElieJosiePhotographie/vendor/laravel/framework/src/Illuminate/Foundation/Http/Kernel.php(115): Illuminate\Pipeline\Pipeline->then(Object(Closure))
#49 /Users/alexfoisy/Sites/ElieJosiePhotographie/vendor/laravel/framework/src/Illuminate/Foundation/Http/Kernel.php(84): Illuminate\Foundation\Http\Kernel->sendRequestThroughRouter(Object(Illuminate\Http\Request))
#50 /Users/alexfoisy/Sites/ElieJosiePhotographie/index.php(44): Illuminate\Foundation\Http\Kernel->handle(Object(Illuminate\Http\Request))
#51 {main}

Next exception 'Twig_Error_Runtime' with message 'An exception has been thrown during the rendering of a template ("The source file "/Users/alexfoisy/Sites/ElieJosiePhotographie/themes/ejp161003/assets/vendor/bootstrap/css/bootstrap.min.css" does not exist.") in "/Users/alexfoisy/Sites/ElieJosiePhotographie/themes/ejp161003/layouts/default.htm" at line 14.' in /Users/alexfoisy/Sites/ElieJosiePhotographie/vendor/twig/twig/lib/Twig/Template.php:396
Stack trace:
#0 /Users/alexfoisy/Sites/ElieJosiePhotographie/vendor/twig/twig/lib/Twig/Template.php(355): Twig_Template->displayWithErrorHandling(Array, Array)
#1 /Users/alexfoisy/Sites/ElieJosiePhotographie/vendor/twig/twig/lib/Twig/Template.php(366): Twig_Template->display(Array)
#2 /Users/alexfoisy/Sites/ElieJosiePhotographie/modules/cms/Classes/Controller.php(380): Twig_Template->render(Array)
#3 /Users/alexfoisy/Sites/ElieJosiePhotographie/modules/cms/Classes/Controller.php(208): Cms\Classes\Controller->runPage(Object(Cms\Classes\Page))
#4 /Users/alexfoisy/Sites/ElieJosiePhotographie/modules/cms/Classes/CmsController.php(47): Cms\Classes\Controller->run('/')
#5 [internal function]: Cms\Classes\CmsController->run('/')
#6 /Users/alexfoisy/Sites/ElieJosiePhotographie/vendor/laravel/framework/src/Illuminate/Routing/Controller.php(246): call_user_func_array(Array, Array)
#7 /Users/alexfoisy/Sites/ElieJosiePhotographie/vendor/laravel/framework/src/Illuminate/Routing/ControllerDispatcher.php(162): Illuminate\Routing\Controller->callAction('run', Array)
#8 /Users/alexfoisy/Sites/ElieJosiePhotographie/vendor/laravel/framework/src/Illuminate/Routing/ControllerDispatcher.php(107): Illuminate\Routing\ControllerDispatcher->call(Object(Cms\Classes\CmsController), Object(Illuminate\Routing\Route), 'run')
#9 [internal function]: Illuminate\Routing\ControllerDispatcher->Illuminate\Routing\{closure}(Object(Illuminate\Http\Request))
#10 /Users/alexfoisy/Sites/ElieJosiePhotographie/vendor/laravel/framework/src/Illuminate/Pipeline/Pipeline.php(141): call_user_func(Object(Closure), Object(Illuminate\Http\Request))
#11 [internal function]: Illuminate\Pipeline\Pipeline->Illuminate\Pipeline\{closure}(Object(Illuminate\Http\Request))
#12 /Users/alexfoisy/Sites/ElieJosiePhotographie/vendor/laravel/framework/src/Illuminate/Pipeline/Pipeline.php(101): call_user_func(Object(Closure), Object(Illuminate\Http\Request))
#13 /Users/alexfoisy/Sites/ElieJosiePhotographie/vendor/laravel/framework/src/Illuminate/Routing/ControllerDispatcher.php(108): Illuminate\Pipeline\Pipeline->then(Object(Closure))
#14 /Users/alexfoisy/Sites/ElieJosiePhotographie/vendor/laravel/framework/src/Illuminate/Routing/ControllerDispatcher.php(67): Illuminate\Routing\ControllerDispatcher->callWithinStack(Object(Cms\Classes\CmsController), Object(Illuminate\Routing\Route), Object(Illuminate\Http\Request), 'run')
#15 /Users/alexfoisy/Sites/ElieJosiePhotographie/vendor/laravel/framework/src/Illuminate/Routing/Route.php(204): Illuminate\Routing\ControllerDispatcher->dispatch(Object(Illuminate\Routing\Route), Object(Illuminate\Http\Request), 'Cms\\Classes\\Cms...', 'run')
#16 /Users/alexfoisy/Sites/ElieJosiePhotographie/vendor/laravel/framework/src/Illuminate/Routing/Route.php(134): Illuminate\Routing\Route->runWithCustomDispatcher(Object(Illuminate\Http\Request))
#17 /Users/alexfoisy/Sites/ElieJosiePhotographie/vendor/laravel/framework/src/Illuminate/Routing/Router.php(701): Illuminate\Routing\Route->run(Object(Illuminate\Http\Request))
#18 [internal function]: Illuminate\Routing\Router->Illuminate\Routing\{closure}(Object(Illuminate\Http\Request))
#19 /Users/alexfoisy/Sites/ElieJosiePhotographie/vendor/laravel/framework/src/Illuminate/Pipeline/Pipeline.php(141): call_user_func(Object(Closure), Object(Illuminate\Http\Request))
#20 [internal function]: Illuminate\Pipeline\Pipeline->Illuminate\Pipeline\{closure}(Object(Illuminate\Http\Request))
#21 /Users/alexfoisy/Sites/ElieJosiePhotographie/vendor/laravel/framework/src/Illuminate/Pipeline/Pipeline.php(101): call_user_func(Object(Closure), Object(Illuminate\Http\Request))
#22 /Users/alexfoisy/Sites/ElieJosiePhotographie/vendor/laravel/framework/src/Illuminate/Routing/Router.php(703): Illuminate\Pipeline\Pipeline->then(Object(Closure))
#23 /Users/alexfoisy/Sites/ElieJosiePhotographie/vendor/laravel/framework/src/Illuminate/Routing/Router.php(670): Illuminate\Routing\Router->runRouteWithinStack(Object(Illuminate\Routing\Route), Object(Illuminate\Http\Request))
#24 /Users/alexfoisy/Sites/ElieJosiePhotographie/vendor/laravel/framework/src/Illuminate/Routing/Router.php(628): Illuminate\Routing\Router->dispatchToRoute(Object(Illuminate\Http\Request))
#25 /Users/alexfoisy/Sites/ElieJosiePhotographie/vendor/laravel/framework/src/Illuminate/Foundation/Http/Kernel.php(214): Illuminate\Routing\Router->dispatch(Object(Illuminate\Http\Request))
#26 [internal function]: Illuminate\Foundation\Http\Kernel->Illuminate\Foundation\Http\{closure}(Object(Illuminate\Http\Request))
#27 /Users/alexfoisy/Sites/ElieJosiePhotographie/vendor/laravel/framework/src/Illuminate/Pipeline/Pipeline.php(141): call_user_func(Object(Closure), Object(Illuminate\Http\Request))
#28 /Users/alexfoisy/Sites/ElieJosiePhotographie/vendor/laravel/framework/src/Illuminate/View/Middleware/ShareErrorsFromSession.php(55): Illuminate\Pipeline\Pipeline->Illuminate\Pipeline\{closure}(Object(Illuminate\Http\Request))
#29 /Users/alexfoisy/Sites/ElieJosiePhotographie/vendor/laravel/framework/src/Illuminate/Pipeline/Pipeline.php(125): Illuminate\View\Middleware\ShareErrorsFromSession->handle(Object(Illuminate\Http\Request), Object(Closure))
#30 /Users/alexfoisy/Sites/ElieJosiePhotographie/vendor/laravel/framework/src/Illuminate/Session/Middleware/StartSession.php(61): Illuminate\Pipeline\Pipeline->Illuminate\Pipeline\{closure}(Object(Illuminate\Http\Request))
#31 /Users/alexfoisy/Sites/ElieJosiePhotographie/vendor/laravel/framework/src/Illuminate/Pipeline/Pipeline.php(125): Illuminate\Session\Middleware\StartSession->handle(Object(Illuminate\Http\Request), Object(Closure))
#32 /Users/alexfoisy/Sites/ElieJosiePhotographie/vendor/laravel/framework/src/Illuminate/Cookie/Middleware/AddQueuedCookiesToResponse.php(36): Illuminate\Pipeline\Pipeline->Illuminate\Pipeline\{closure}(Object(Illuminate\Http\Request))
#33 /Users/alexfoisy/Sites/ElieJosiePhotographie/vendor/laravel/framework/src/Illuminate/Pipeline/Pipeline.php(125): Illuminate\Cookie\Middleware\AddQueuedCookiesToResponse->handle(Object(Illuminate\Http\Request), Object(Closure))
#34 /Users/alexfoisy/Sites/ElieJosiePhotographie/vendor/laravel/framework/src/Illuminate/Cookie/Middleware/EncryptCookies.php(40): Illuminate\Pipeline\Pipeline->Illuminate\Pipeline\{closure}(Object(Illuminate\Http\Request))
#35 /Users/alexfoisy/Sites/ElieJosiePhotographie/vendor/laravel/framework/src/Illuminate/Pipeline/Pipeline.php(125): Illuminate\Cookie\Middleware\EncryptCookies->handle(Object(Illuminate\Http\Request), Object(Closure))
#36 /Users/alexfoisy/Sites/ElieJosiePhotographie/vendor/laravel/framework/src/Illuminate/Foundation/Http/Middleware/CheckForMaintenanceMode.php(42): Illuminate\Pipeline\Pipeline->Illuminate\Pipeline\{closure}(Object(Illuminate\Http\Request))
#37 /Users/alexfoisy/Sites/ElieJosiePhotographie/vendor/laravel/framework/src/Illuminate/Pipeline/Pipeline.php(125): Illuminate\Foundation\Http\Middleware\CheckForMaintenanceMode->handle(Object(Illuminate\Http\Request), Object(Closure))
#38 [internal function]: Illuminate\Pipeline\Pipeline->Illuminate\Pipeline\{closure}(Object(Illuminate\Http\Request))
#39 /Users/alexfoisy/Sites/ElieJosiePhotographie/vendor/laravel/framework/src/Illuminate/Pipeline/Pipeline.php(101): call_user_func(Object(Closure), Object(Illuminate\Http\Request))
#40 /Users/alexfoisy/Sites/ElieJosiePhotographie/vendor/laravel/framework/src/Illuminate/Foundation/Http/Kernel.php(115): Illuminate\Pipeline\Pipeline->then(Object(Closure))
#41 /Users/alexfoisy/Sites/ElieJosiePhotographie/vendor/laravel/framework/src/Illuminate/Foundation/Http/Kernel.php(84): Illuminate\Foundation\Http\Kernel->sendRequestThroughRouter(Object(Illuminate\Http\Request))
#42 /Users/alexfoisy/Sites/ElieJosiePhotographie/index.php(44): Illuminate\Foundation\Http\Kernel->handle(Object(Illuminate\Http\Request))
#43 {main}  
[2015-11-28 19:54:50] production.ERROR: exception 'RuntimeException' with message 'The source file "/Users/alexfoisy/Sites/ElieJosiePhotographie/themes/ejp161003/assets/vendor/bootstrap/css/bootstrap.min.css" does not exist.' in /Users/alexfoisy/Sites/ElieJosiePhotographie/vendor/kriswallsmith/assetic/src/Assetic/Asset/FileAsset.php:73
Stack trace:
#0 /Users/alexfoisy/Sites/ElieJosiePhotographie/vendor/kriswallsmith/assetic/src/Assetic/Asset/AssetCollection.php(203): Assetic\Asset\FileAsset->getLastModified()
#1 /Users/alexfoisy/Sites/ElieJosiePhotographie/vendor/kriswallsmith/assetic/src/Assetic/Asset/AssetCache.php(112): Assetic\Asset\AssetCollection->getLastModified()
#2 /Users/alexfoisy/Sites/ElieJosiePhotographie/modules/system/Classes/CombineAssets.php(293): Assetic\Asset\AssetCache->getLastModified()
#3 /Users/alexfoisy/Sites/ElieJosiePhotographie/modules/system/Classes/CombineAssets.php(139): System\Classes\CombineAssets->prepareRequest(Array, '/Users/alexfois...')
#4 /Users/alexfoisy/Sites/ElieJosiePhotographie/modules/cms/Classes/Controller.php(1138): System\Classes\CombineAssets::combine(Array, '/Users/alexfois...')
#5 /Users/alexfoisy/Sites/ElieJosiePhotographie/modules/cms/Twig/Extension.php(187): Cms\Classes\Controller->themeUrl(Array)
#6 /Users/alexfoisy/Sites/ElieJosiePhotographie/storage/cms/twig/81/819555612c17892662980ab61ce892082b747cfd0fea3a8e9e82e5beee1a46f3.php(49): Cms\Twig\Extension->themeFilter(Array)
#7 /Users/alexfoisy/Sites/ElieJosiePhotographie/vendor/twig/twig/lib/Twig/Template.php(381): __TwigTemplate_9395553f489fca7ad25d630f367405a5cc4663ec22cd4b7f09f1251cf9974c6b->doDisplay(Array, Array)
#8 /Users/alexfoisy/Sites/ElieJosiePhotographie/vendor/twig/twig/lib/Twig/Template.php(355): Twig_Template->displayWithErrorHandling(Array, Array)
#9 /Users/alexfoisy/Sites/ElieJosiePhotographie/vendor/twig/twig/lib/Twig/Template.php(366): Twig_Template->display(Array)
#10 /Users/alexfoisy/Sites/ElieJosiePhotographie/modules/cms/Classes/Controller.php(380): Twig_Template->render(Array)
#11 /Users/alexfoisy/Sites/ElieJosiePhotographie/modules/cms/Classes/Controller.php(208): Cms\Classes\Controller->runPage(Object(Cms\Classes\Page))
#12 /Users/alexfoisy/Sites/ElieJosiePhotographie/modules/cms/Classes/CmsController.php(47): Cms\Classes\Controller->run('/')
#13 [internal function]: Cms\Classes\CmsController->run('/')
#14 /Users/alexfoisy/Sites/ElieJosiePhotographie/vendor/laravel/framework/src/Illuminate/Routing/Controller.php(246): call_user_func_array(Array, Array)
#15 /Users/alexfoisy/Sites/ElieJosiePhotographie/vendor/laravel/framework/src/Illuminate/Routing/ControllerDispatcher.php(162): Illuminate\Routing\Controller->callAction('run', Array)
#16 /Users/alexfoisy/Sites/ElieJosiePhotographie/vendor/laravel/framework/src/Illuminate/Routing/ControllerDispatcher.php(107): Illuminate\Routing\ControllerDispatcher->call(Object(Cms\Classes\CmsController), Object(Illuminate\Routing\Route), 'run')
#17 [internal function]: Illuminate\Routing\ControllerDispatcher->Illuminate\Routing\{closure}(Object(Illuminate\Http\Request))
#18 /Users/alexfoisy/Sites/ElieJosiePhotographie/vendor/laravel/framework/src/Illuminate/Pipeline/Pipeline.php(141): call_user_func(Object(Closure), Object(Illuminate\Http\Request))
#19 [internal function]: Illuminate\Pipeline\Pipeline->Illuminate\Pipeline\{closure}(Object(Illuminate\Http\Request))
#20 /Users/alexfoisy/Sites/ElieJosiePhotographie/vendor/laravel/framework/src/Illuminate/Pipeline/Pipeline.php(101): call_user_func(Object(Closure), Object(Illuminate\Http\Request))
#21 /Users/alexfoisy/Sites/ElieJosiePhotographie/vendor/laravel/framework/src/Illuminate/Routing/ControllerDispatcher.php(108): Illuminate\Pipeline\Pipeline->then(Object(Closure))
#22 /Users/alexfoisy/Sites/ElieJosiePhotographie/vendor/laravel/framework/src/Illuminate/Routing/ControllerDispatcher.php(67): Illuminate\Routing\ControllerDispatcher->callWithinStack(Object(Cms\Classes\CmsController), Object(Illuminate\Routing\Route), Object(Illuminate\Http\Request), 'run')
#23 /Users/alexfoisy/Sites/ElieJosiePhotographie/vendor/laravel/framework/src/Illuminate/Routing/Route.php(204): Illuminate\Routing\ControllerDispatcher->dispatch(Object(Illuminate\Routing\Route), Object(Illuminate\Http\Request), 'Cms\\Classes\\Cms...', 'run')
#24 /Users/alexfoisy/Sites/ElieJosiePhotographie/vendor/laravel/framework/src/Illuminate/Routing/Route.php(134): Illuminate\Routing\Route->runWithCustomDispatcher(Object(Illuminate\Http\Request))
#25 /Users/alexfoisy/Sites/ElieJosiePhotographie/vendor/laravel/framework/src/Illuminate/Routing/Router.php(701): Illuminate\Routing\Route->run(Object(Illuminate\Http\Request))
#26 [internal function]: Illuminate\Routing\Router->Illuminate\Routing\{closure}(Object(Illuminate\Http\Request))
#27 /Users/alexfoisy/Sites/ElieJosiePhotographie/vendor/laravel/framework/src/Illuminate/Pipeline/Pipeline.php(141): call_user_func(Object(Closure), Object(Illuminate\Http\Request))
#28 [internal function]: Illuminate\Pipeline\Pipeline->Illuminate\Pipeline\{closure}(Object(Illuminate\Http\Request))
#29 /Users/alexfoisy/Sites/ElieJosiePhotographie/vendor/laravel/framework/src/Illuminate/Pipeline/Pipeline.php(101): call_user_func(Object(Closure), Object(Illuminate\Http\Request))
#30 /Users/alexfoisy/Sites/ElieJosiePhotographie/vendor/laravel/framework/src/Illuminate/Routing/Router.php(703): Illuminate\Pipeline\Pipeline->then(Object(Closure))
#31 /Users/alexfoisy/Sites/ElieJosiePhotographie/vendor/laravel/framework/src/Illuminate/Routing/Router.php(670): Illuminate\Routing\Router->runRouteWithinStack(Object(Illuminate\Routing\Route), Object(Illuminate\Http\Request))
#32 /Users/alexfoisy/Sites/ElieJosiePhotographie/vendor/laravel/framework/src/Illuminate/Routing/Router.php(628): Illuminate\Routing\Router->dispatchToRoute(Object(Illuminate\Http\Request))
#33 /Users/alexfoisy/Sites/ElieJosiePhotographie/vendor/laravel/framework/src/Illuminate/Foundation/Http/Kernel.php(214): Illuminate\Routing\Router->dispatch(Object(Illuminate\Http\Request))
#34 [internal function]: Illuminate\Foundation\Http\Kernel->Illuminate\Foundation\Http\{closure}(Object(Illuminate\Http\Request))
#35 /Users/alexfoisy/Sites/ElieJosiePhotographie/vendor/laravel/framework/src/Illuminate/Pipeline/Pipeline.php(141): call_user_func(Object(Closure), Object(Illuminate\Http\Request))
#36 /Users/alexfoisy/Sites/ElieJosiePhotographie/vendor/laravel/framework/src/Illuminate/View/Middleware/ShareErrorsFromSession.php(55): Illuminate\Pipeline\Pipeline->Illuminate\Pipeline\{closure}(Object(Illuminate\Http\Request))
#37 /Users/alexfoisy/Sites/ElieJosiePhotographie/vendor/laravel/framework/src/Illuminate/Pipeline/Pipeline.php(125): Illuminate\View\Middleware\ShareErrorsFromSession->handle(Object(Illuminate\Http\Request), Object(Closure))
#38 /Users/alexfoisy/Sites/ElieJosiePhotographie/vendor/laravel/framework/src/Illuminate/Session/Middleware/StartSession.php(61): Illuminate\Pipeline\Pipeline->Illuminate\Pipeline\{closure}(Object(Illuminate\Http\Request))
#39 /Users/alexfoisy/Sites/ElieJosiePhotographie/vendor/laravel/framework/src/Illuminate/Pipeline/Pipeline.php(125): Illuminate\Session\Middleware\StartSession->handle(Object(Illuminate\Http\Request), Object(Closure))
#40 /Users/alexfoisy/Sites/ElieJosiePhotographie/vendor/laravel/framework/src/Illuminate/Cookie/Middleware/AddQueuedCookiesToResponse.php(36): Illuminate\Pipeline\Pipeline->Illuminate\Pipeline\{closure}(Object(Illuminate\Http\Request))
#41 /Users/alexfoisy/Sites/ElieJosiePhotographie/vendor/laravel/framework/src/Illuminate/Pipeline/Pipeline.php(125): Illuminate\Cookie\Middleware\AddQueuedCookiesToResponse->handle(Object(Illuminate\Http\Request), Object(Closure))
#42 /Users/alexfoisy/Sites/ElieJosiePhotographie/vendor/laravel/framework/src/Illuminate/Cookie/Middleware/EncryptCookies.php(40): Illuminate\Pipeline\Pipeline->Illuminate\Pipeline\{closure}(Object(Illuminate\Http\Request))
#43 /Users/alexfoisy/Sites/ElieJosiePhotographie/vendor/laravel/framework/src/Illuminate/Pipeline/Pipeline.php(125): Illuminate\Cookie\Middleware\EncryptCookies->handle(Object(Illuminate\Http\Request), Object(Closure))
#44 /Users/alexfoisy/Sites/ElieJosiePhotographie/vendor/laravel/framework/src/Illuminate/Foundation/Http/Middleware/CheckForMaintenanceMode.php(42): Illuminate\Pipeline\Pipeline->Illuminate\Pipeline\{closure}(Object(Illuminate\Http\Request))
#45 /Users/alexfoisy/Sites/ElieJosiePhotographie/vendor/laravel/framework/src/Illuminate/Pipeline/Pipeline.php(125): Illuminate\Foundation\Http\Middleware\CheckForMaintenanceMode->handle(Object(Illuminate\Http\Request), Object(Closure))
#46 [internal function]: Illuminate\Pipeline\Pipeline->Illuminate\Pipeline\{closure}(Object(Illuminate\Http\Request))
#47 /Users/alexfoisy/Sites/ElieJosiePhotographie/vendor/laravel/framework/src/Illuminate/Pipeline/Pipeline.php(101): call_user_func(Object(Closure), Object(Illuminate\Http\Request))
#48 /Users/alexfoisy/Sites/ElieJosiePhotographie/vendor/laravel/framework/src/Illuminate/Foundation/Http/Kernel.php(115): Illuminate\Pipeline\Pipeline->then(Object(Closure))
#49 /Users/alexfoisy/Sites/ElieJosiePhotographie/vendor/laravel/framework/src/Illuminate/Foundation/Http/Kernel.php(84): Illuminate\Foundation\Http\Kernel->sendRequestThroughRouter(Object(Illuminate\Http\Request))
#50 /Users/alexfoisy/Sites/ElieJosiePhotographie/index.php(44): Illuminate\Foundation\Http\Kernel->handle(Object(Illuminate\Http\Request))
#51 {main}

Next exception 'Twig_Error_Runtime' with message 'An exception has been thrown during the rendering of a template ("The source file "/Users/alexfoisy/Sites/ElieJosiePhotographie/themes/ejp161003/assets/vendor/bootstrap/css/bootstrap.min.css" does not exist.") in "/Users/alexfoisy/Sites/ElieJosiePhotographie/themes/ejp161003/layouts/default.htm" at line 14.' in /Users/alexfoisy/Sites/ElieJosiePhotographie/vendor/twig/twig/lib/Twig/Template.php:396
Stack trace:
#0 /Users/alexfoisy/Sites/ElieJosiePhotographie/vendor/twig/twig/lib/Twig/Template.php(355): Twig_Template->displayWithErrorHandling(Array, Array)
#1 /Users/alexfoisy/Sites/ElieJosiePhotographie/vendor/twig/twig/lib/Twig/Template.php(366): Twig_Template->display(Array)
#2 /Users/alexfoisy/Sites/ElieJosiePhotographie/modules/cms/Classes/Controller.php(380): Twig_Template->render(Array)
#3 /Users/alexfoisy/Sites/ElieJosiePhotographie/modules/cms/Classes/Controller.php(208): Cms\Classes\Controller->runPage(Object(Cms\Classes\Page))
#4 /Users/alexfoisy/Sites/ElieJosiePhotographie/modules/cms/Classes/CmsController.php(47): Cms\Classes\Controller->run('/')
#5 [internal function]: Cms\Classes\CmsController->run('/')
#6 /Users/alexfoisy/Sites/ElieJosiePhotographie/vendor/laravel/framework/src/Illuminate/Routing/Controller.php(246): call_user_func_array(Array, Array)
#7 /Users/alexfoisy/Sites/ElieJosiePhotographie/vendor/laravel/framework/src/Illuminate/Routing/ControllerDispatcher.php(162): Illuminate\Routing\Controller->callAction('run', Array)
#8 /Users/alexfoisy/Sites/ElieJosiePhotographie/vendor/laravel/framework/src/Illuminate/Routing/ControllerDispatcher.php(107): Illuminate\Routing\ControllerDispatcher->call(Object(Cms\Classes\CmsController), Object(Illuminate\Routing\Route), 'run')
#9 [internal function]: Illuminate\Routing\ControllerDispatcher->Illuminate\Routing\{closure}(Object(Illuminate\Http\Request))
#10 /Users/alexfoisy/Sites/ElieJosiePhotographie/vendor/laravel/framework/src/Illuminate/Pipeline/Pipeline.php(141): call_user_func(Object(Closure), Object(Illuminate\Http\Request))
#11 [internal function]: Illuminate\Pipeline\Pipeline->Illuminate\Pipeline\{closure}(Object(Illuminate\Http\Request))
#12 /Users/alexfoisy/Sites/ElieJosiePhotographie/vendor/laravel/framework/src/Illuminate/Pipeline/Pipeline.php(101): call_user_func(Object(Closure), Object(Illuminate\Http\Request))
#13 /Users/alexfoisy/Sites/ElieJosiePhotographie/vendor/laravel/framework/src/Illuminate/Routing/ControllerDispatcher.php(108): Illuminate\Pipeline\Pipeline->then(Object(Closure))
#14 /Users/alexfoisy/Sites/ElieJosiePhotographie/vendor/laravel/framework/src/Illuminate/Routing/ControllerDispatcher.php(67): Illuminate\Routing\ControllerDispatcher->callWithinStack(Object(Cms\Classes\CmsController), Object(Illuminate\Routing\Route), Object(Illuminate\Http\Request), 'run')
#15 /Users/alexfoisy/Sites/ElieJosiePhotographie/vendor/laravel/framework/src/Illuminate/Routing/Route.php(204): Illuminate\Routing\ControllerDispatcher->dispatch(Object(Illuminate\Routing\Route), Object(Illuminate\Http\Request), 'Cms\\Classes\\Cms...', 'run')
#16 /Users/alexfoisy/Sites/ElieJosiePhotographie/vendor/laravel/framework/src/Illuminate/Routing/Route.php(134): Illuminate\Routing\Route->runWithCustomDispatcher(Object(Illuminate\Http\Request))
#17 /Users/alexfoisy/Sites/ElieJosiePhotographie/vendor/laravel/framework/src/Illuminate/Routing/Router.php(701): Illuminate\Routing\Route->run(Object(Illuminate\Http\Request))
#18 [internal function]: Illuminate\Routing\Router->Illuminate\Routing\{closure}(Object(Illuminate\Http\Request))
#19 /Users/alexfoisy/Sites/ElieJosiePhotographie/vendor/laravel/framework/src/Illuminate/Pipeline/Pipeline.php(141): call_user_func(Object(Closure), Object(Illuminate\Http\Request))
#20 [internal function]: Illuminate\Pipeline\Pipeline->Illuminate\Pipeline\{closure}(Object(Illuminate\Http\Request))
#21 /Users/alexfoisy/Sites/ElieJosiePhotographie/vendor/laravel/framework/src/Illuminate/Pipeline/Pipeline.php(101): call_user_func(Object(Closure), Object(Illuminate\Http\Request))
#22 /Users/alexfoisy/Sites/ElieJosiePhotographie/vendor/laravel/framework/src/Illuminate/Routing/Router.php(703): Illuminate\Pipeline\Pipeline->then(Object(Closure))
#23 /Users/alexfoisy/Sites/ElieJosiePhotographie/vendor/laravel/framework/src/Illuminate/Routing/Router.php(670): Illuminate\Routing\Router->runRouteWithinStack(Object(Illuminate\Routing\Route), Object(Illuminate\Http\Request))
#24 /Users/alexfoisy/Sites/ElieJosiePhotographie/vendor/laravel/framework/src/Illuminate/Routing/Router.php(628): Illuminate\Routing\Router->dispatchToRoute(Object(Illuminate\Http\Request))
#25 /Users/alexfoisy/Sites/ElieJosiePhotographie/vendor/laravel/framework/src/Illuminate/Foundation/Http/Kernel.php(214): Illuminate\Routing\Router->dispatch(Object(Illuminate\Http\Request))
#26 [internal function]: Illuminate\Foundation\Http\Kernel->Illuminate\Foundation\Http\{closure}(Object(Illuminate\Http\Request))
#27 /Users/alexfoisy/Sites/ElieJosiePhotographie/vendor/laravel/framework/src/Illuminate/Pipeline/Pipeline.php(141): call_user_func(Object(Closure), Object(Illuminate\Http\Request))
#28 /Users/alexfoisy/Sites/ElieJosiePhotographie/vendor/laravel/framework/src/Illuminate/View/Middleware/ShareErrorsFromSession.php(55): Illuminate\Pipeline\Pipeline->Illuminate\Pipeline\{closure}(Object(Illuminate\Http\Request))
#29 /Users/alexfoisy/Sites/ElieJosiePhotographie/vendor/laravel/framework/src/Illuminate/Pipeline/Pipeline.php(125): Illuminate\View\Middleware\ShareErrorsFromSession->handle(Object(Illuminate\Http\Request), Object(Closure))
#30 /Users/alexfoisy/Sites/ElieJosiePhotographie/vendor/laravel/framework/src/Illuminate/Session/Middleware/StartSession.php(61): Illuminate\Pipeline\Pipeline->Illuminate\Pipeline\{closure}(Object(Illuminate\Http\Request))
#31 /Users/alexfoisy/Sites/ElieJosiePhotographie/vendor/laravel/framework/src/Illuminate/Pipeline/Pipeline.php(125): Illuminate\Session\Middleware\StartSession->handle(Object(Illuminate\Http\Request), Object(Closure))
#32 /Users/alexfoisy/Sites/ElieJosiePhotographie/vendor/laravel/framework/src/Illuminate/Cookie/Middleware/AddQueuedCookiesToResponse.php(36): Illuminate\Pipeline\Pipeline->Illuminate\Pipeline\{closure}(Object(Illuminate\Http\Request))
#33 /Users/alexfoisy/Sites/ElieJosiePhotographie/vendor/laravel/framework/src/Illuminate/Pipeline/Pipeline.php(125): Illuminate\Cookie\Middleware\AddQueuedCookiesToResponse->handle(Object(Illuminate\Http\Request), Object(Closure))
#34 /Users/alexfoisy/Sites/ElieJosiePhotographie/vendor/laravel/framework/src/Illuminate/Cookie/Middleware/EncryptCookies.php(40): Illuminate\Pipeline\Pipeline->Illuminate\Pipeline\{closure}(Object(Illuminate\Http\Request))
#35 /Users/alexfoisy/Sites/ElieJosiePhotographie/vendor/laravel/framework/src/Illuminate/Pipeline/Pipeline.php(125): Illuminate\Cookie\Middleware\EncryptCookies->handle(Object(Illuminate\Http\Request), Object(Closure))
#36 /Users/alexfoisy/Sites/ElieJosiePhotographie/vendor/laravel/framework/src/Illuminate/Foundation/Http/Middleware/CheckForMaintenanceMode.php(42): Illuminate\Pipeline\Pipeline->Illuminate\Pipeline\{closure}(Object(Illuminate\Http\Request))
#37 /Users/alexfoisy/Sites/ElieJosiePhotographie/vendor/laravel/framework/src/Illuminate/Pipeline/Pipeline.php(125): Illuminate\Foundation\Http\Middleware\CheckForMaintenanceMode->handle(Object(Illuminate\Http\Request), Object(Closure))
#38 [internal function]: Illuminate\Pipeline\Pipeline->Illuminate\Pipeline\{closure}(Object(Illuminate\Http\Request))
#39 /Users/alexfoisy/Sites/ElieJosiePhotographie/vendor/laravel/framework/src/Illuminate/Pipeline/Pipeline.php(101): call_user_func(Object(Closure), Object(Illuminate\Http\Request))
#40 /Users/alexfoisy/Sites/ElieJosiePhotographie/vendor/laravel/framework/src/Illuminate/Foundation/Http/Kernel.php(115): Illuminate\Pipeline\Pipeline->then(Object(Closure))
#41 /Users/alexfoisy/Sites/ElieJosiePhotographie/vendor/laravel/framework/src/Illuminate/Foundation/Http/Kernel.php(84): Illuminate\Foundation\Http\Kernel->sendRequestThroughRouter(Object(Illuminate\Http\Request))
#42 /Users/alexfoisy/Sites/ElieJosiePhotographie/index.php(44): Illuminate\Foundation\Http\Kernel->handle(Object(Illuminate\Http\Request))
#43 {main}  
[2015-11-28 19:55:11] production.ERROR: exception 'RuntimeException' with message 'The source file "/Users/alexfoisy/Sites/ElieJosiePhotographie/themes/ejp161003/assets/vendor/bootstrap/css/bootstrap.min.css" does not exist.' in /Users/alexfoisy/Sites/ElieJosiePhotographie/vendor/kriswallsmith/assetic/src/Assetic/Asset/FileAsset.php:73
Stack trace:
#0 /Users/alexfoisy/Sites/ElieJosiePhotographie/vendor/kriswallsmith/assetic/src/Assetic/Asset/AssetCollection.php(203): Assetic\Asset\FileAsset->getLastModified()
#1 /Users/alexfoisy/Sites/ElieJosiePhotographie/vendor/kriswallsmith/assetic/src/Assetic/Asset/AssetCache.php(112): Assetic\Asset\AssetCollection->getLastModified()
#2 /Users/alexfoisy/Sites/ElieJosiePhotographie/modules/system/Classes/CombineAssets.php(293): Assetic\Asset\AssetCache->getLastModified()
#3 /Users/alexfoisy/Sites/ElieJosiePhotographie/modules/system/Classes/CombineAssets.php(139): System\Classes\CombineAssets->prepareRequest(Array, '/Users/alexfois...')
#4 /Users/alexfoisy/Sites/ElieJosiePhotographie/modules/cms/Classes/Controller.php(1138): System\Classes\CombineAssets::combine(Array, '/Users/alexfois...')
#5 /Users/alexfoisy/Sites/ElieJosiePhotographie/modules/cms/Twig/Extension.php(187): Cms\Classes\Controller->themeUrl(Array)
#6 /Users/alexfoisy/Sites/ElieJosiePhotographie/vendor/twig/twig/lib/Twig/Environment.php(403) : eval()'d code(49): Cms\Twig\Extension->themeFilter(Array)
#7 /Users/alexfoisy/Sites/ElieJosiePhotographie/vendor/twig/twig/lib/Twig/Template.php(381): __TwigTemplate_9395553f489fca7ad25d630f367405a5cc4663ec22cd4b7f09f1251cf9974c6b->doDisplay(Array, Array)
#8 /Users/alexfoisy/Sites/ElieJosiePhotographie/vendor/twig/twig/lib/Twig/Template.php(355): Twig_Template->displayWithErrorHandling(Array, Array)
#9 /Users/alexfoisy/Sites/ElieJosiePhotographie/vendor/twig/twig/lib/Twig/Template.php(366): Twig_Template->display(Array)
#10 /Users/alexfoisy/Sites/ElieJosiePhotographie/modules/cms/Classes/Controller.php(380): Twig_Template->render(Array)
#11 /Users/alexfoisy/Sites/ElieJosiePhotographie/modules/cms/Classes/Controller.php(208): Cms\Classes\Controller->runPage(Object(Cms\Classes\Page))
#12 /Users/alexfoisy/Sites/ElieJosiePhotographie/modules/cms/Classes/CmsController.php(47): Cms\Classes\Controller->run('/')
#13 [internal function]: Cms\Classes\CmsController->run('/')
#14 /Users/alexfoisy/Sites/ElieJosiePhotographie/vendor/laravel/framework/src/Illuminate/Routing/Controller.php(246): call_user_func_array(Array, Array)
#15 /Users/alexfoisy/Sites/ElieJosiePhotographie/vendor/laravel/framework/src/Illuminate/Routing/ControllerDispatcher.php(162): Illuminate\Routing\Controller->callAction('run', Array)
#16 /Users/alexfoisy/Sites/ElieJosiePhotographie/vendor/laravel/framework/src/Illuminate/Routing/ControllerDispatcher.php(107): Illuminate\Routing\ControllerDispatcher->call(Object(Cms\Classes\CmsController), Object(Illuminate\Routing\Route), 'run')
#17 [internal function]: Illuminate\Routing\ControllerDispatcher->Illuminate\Routing\{closure}(Object(Illuminate\Http\Request))
#18 /Users/alexfoisy/Sites/ElieJosiePhotographie/vendor/laravel/framework/src/Illuminate/Pipeline/Pipeline.php(141): call_user_func(Object(Closure), Object(Illuminate\Http\Request))
#19 [internal function]: Illuminate\Pipeline\Pipeline->Illuminate\Pipeline\{closure}(Object(Illuminate\Http\Request))
#20 /Users/alexfoisy/Sites/ElieJosiePhotographie/vendor/laravel/framework/src/Illuminate/Pipeline/Pipeline.php(101): call_user_func(Object(Closure), Object(Illuminate\Http\Request))
#21 /Users/alexfoisy/Sites/ElieJosiePhotographie/vendor/laravel/framework/src/Illuminate/Routing/ControllerDispatcher.php(108): Illuminate\Pipeline\Pipeline->then(Object(Closure))
#22 /Users/alexfoisy/Sites/ElieJosiePhotographie/vendor/laravel/framework/src/Illuminate/Routing/ControllerDispatcher.php(67): Illuminate\Routing\ControllerDispatcher->callWithinStack(Object(Cms\Classes\CmsController), Object(Illuminate\Routing\Route), Object(Illuminate\Http\Request), 'run')
#23 /Users/alexfoisy/Sites/ElieJosiePhotographie/vendor/laravel/framework/src/Illuminate/Routing/Route.php(204): Illuminate\Routing\ControllerDispatcher->dispatch(Object(Illuminate\Routing\Route), Object(Illuminate\Http\Request), 'Cms\\Classes\\Cms...', 'run')
#24 /Users/alexfoisy/Sites/ElieJosiePhotographie/vendor/laravel/framework/src/Illuminate/Routing/Route.php(134): Illuminate\Routing\Route->runWithCustomDispatcher(Object(Illuminate\Http\Request))
#25 /Users/alexfoisy/Sites/ElieJosiePhotographie/vendor/laravel/framework/src/Illuminate/Routing/Router.php(701): Illuminate\Routing\Route->run(Object(Illuminate\Http\Request))
#26 [internal function]: Illuminate\Routing\Router->Illuminate\Routing\{closure}(Object(Illuminate\Http\Request))
#27 /Users/alexfoisy/Sites/ElieJosiePhotographie/vendor/laravel/framework/src/Illuminate/Pipeline/Pipeline.php(141): call_user_func(Object(Closure), Object(Illuminate\Http\Request))
#28 [internal function]: Illuminate\Pipeline\Pipeline->Illuminate\Pipeline\{closure}(Object(Illuminate\Http\Request))
#29 /Users/alexfoisy/Sites/ElieJosiePhotographie/vendor/laravel/framework/src/Illuminate/Pipeline/Pipeline.php(101): call_user_func(Object(Closure), Object(Illuminate\Http\Request))
#30 /Users/alexfoisy/Sites/ElieJosiePhotographie/vendor/laravel/framework/src/Illuminate/Routing/Router.php(703): Illuminate\Pipeline\Pipeline->then(Object(Closure))
#31 /Users/alexfoisy/Sites/ElieJosiePhotographie/vendor/laravel/framework/src/Illuminate/Routing/Router.php(670): Illuminate\Routing\Router->runRouteWithinStack(Object(Illuminate\Routing\Route), Object(Illuminate\Http\Request))
#32 /Users/alexfoisy/Sites/ElieJosiePhotographie/vendor/laravel/framework/src/Illuminate/Routing/Router.php(628): Illuminate\Routing\Router->dispatchToRoute(Object(Illuminate\Http\Request))
#33 /Users/alexfoisy/Sites/ElieJosiePhotographie/vendor/laravel/framework/src/Illuminate/Foundation/Http/Kernel.php(214): Illuminate\Routing\Router->dispatch(Object(Illuminate\Http\Request))
#34 [internal function]: Illuminate\Foundation\Http\Kernel->Illuminate\Foundation\Http\{closure}(Object(Illuminate\Http\Request))
#35 /Users/alexfoisy/Sites/ElieJosiePhotographie/vendor/laravel/framework/src/Illuminate/Pipeline/Pipeline.php(141): call_user_func(Object(Closure), Object(Illuminate\Http\Request))
#36 /Users/alexfoisy/Sites/ElieJosiePhotographie/vendor/laravel/framework/src/Illuminate/View/Middleware/ShareErrorsFromSession.php(55): Illuminate\Pipeline\Pipeline->Illuminate\Pipeline\{closure}(Object(Illuminate\Http\Request))
#37 /Users/alexfoisy/Sites/ElieJosiePhotographie/vendor/laravel/framework/src/Illuminate/Pipeline/Pipeline.php(125): Illuminate\View\Middleware\ShareErrorsFromSession->handle(Object(Illuminate\Http\Request), Object(Closure))
#38 /Users/alexfoisy/Sites/ElieJosiePhotographie/vendor/laravel/framework/src/Illuminate/Session/Middleware/StartSession.php(61): Illuminate\Pipeline\Pipeline->Illuminate\Pipeline\{closure}(Object(Illuminate\Http\Request))
#39 /Users/alexfoisy/Sites/ElieJosiePhotographie/vendor/laravel/framework/src/Illuminate/Pipeline/Pipeline.php(125): Illuminate\Session\Middleware\StartSession->handle(Object(Illuminate\Http\Request), Object(Closure))
#40 /Users/alexfoisy/Sites/ElieJosiePhotographie/vendor/laravel/framework/src/Illuminate/Cookie/Middleware/AddQueuedCookiesToResponse.php(36): Illuminate\Pipeline\Pipeline->Illuminate\Pipeline\{closure}(Object(Illuminate\Http\Request))
#41 /Users/alexfoisy/Sites/ElieJosiePhotographie/vendor/laravel/framework/src/Illuminate/Pipeline/Pipeline.php(125): Illuminate\Cookie\Middleware\AddQueuedCookiesToResponse->handle(Object(Illuminate\Http\Request), Object(Closure))
#42 /Users/alexfoisy/Sites/ElieJosiePhotographie/vendor/laravel/framework/src/Illuminate/Cookie/Middleware/EncryptCookies.php(40): Illuminate\Pipeline\Pipeline->Illuminate\Pipeline\{closure}(Object(Illuminate\Http\Request))
#43 /Users/alexfoisy/Sites/ElieJosiePhotographie/vendor/laravel/framework/src/Illuminate/Pipeline/Pipeline.php(125): Illuminate\Cookie\Middleware\EncryptCookies->handle(Object(Illuminate\Http\Request), Object(Closure))
#44 /Users/alexfoisy/Sites/ElieJosiePhotographie/vendor/laravel/framework/src/Illuminate/Foundation/Http/Middleware/CheckForMaintenanceMode.php(42): Illuminate\Pipeline\Pipeline->Illuminate\Pipeline\{closure}(Object(Illuminate\Http\Request))
#45 /Users/alexfoisy/Sites/ElieJosiePhotographie/vendor/laravel/framework/src/Illuminate/Pipeline/Pipeline.php(125): Illuminate\Foundation\Http\Middleware\CheckForMaintenanceMode->handle(Object(Illuminate\Http\Request), Object(Closure))
#46 [internal function]: Illuminate\Pipeline\Pipeline->Illuminate\Pipeline\{closure}(Object(Illuminate\Http\Request))
#47 /Users/alexfoisy/Sites/ElieJosiePhotographie/vendor/laravel/framework/src/Illuminate/Pipeline/Pipeline.php(101): call_user_func(Object(Closure), Object(Illuminate\Http\Request))
#48 /Users/alexfoisy/Sites/ElieJosiePhotographie/vendor/laravel/framework/src/Illuminate/Foundation/Http/Kernel.php(115): Illuminate\Pipeline\Pipeline->then(Object(Closure))
#49 /Users/alexfoisy/Sites/ElieJosiePhotographie/vendor/laravel/framework/src/Illuminate/Foundation/Http/Kernel.php(84): Illuminate\Foundation\Http\Kernel->sendRequestThroughRouter(Object(Illuminate\Http\Request))
#50 /Users/alexfoisy/Sites/ElieJosiePhotographie/index.php(44): Illuminate\Foundation\Http\Kernel->handle(Object(Illuminate\Http\Request))
#51 {main}

Next exception 'Twig_Error_Runtime' with message 'An exception has been thrown during the rendering of a template ("The source file "/Users/alexfoisy/Sites/ElieJosiePhotographie/themes/ejp161003/assets/vendor/bootstrap/css/bootstrap.min.css" does not exist.") in "/Users/alexfoisy/Sites/ElieJosiePhotographie/themes/ejp161003/layouts/default.htm" at line 14.' in /Users/alexfoisy/Sites/ElieJosiePhotographie/vendor/twig/twig/lib/Twig/Template.php:396
Stack trace:
#0 /Users/alexfoisy/Sites/ElieJosiePhotographie/vendor/twig/twig/lib/Twig/Template.php(355): Twig_Template->displayWithErrorHandling(Array, Array)
#1 /Users/alexfoisy/Sites/ElieJosiePhotographie/vendor/twig/twig/lib/Twig/Template.php(366): Twig_Template->display(Array)
#2 /Users/alexfoisy/Sites/ElieJosiePhotographie/modules/cms/Classes/Controller.php(380): Twig_Template->render(Array)
#3 /Users/alexfoisy/Sites/ElieJosiePhotographie/modules/cms/Classes/Controller.php(208): Cms\Classes\Controller->runPage(Object(Cms\Classes\Page))
#4 /Users/alexfoisy/Sites/ElieJosiePhotographie/modules/cms/Classes/CmsController.php(47): Cms\Classes\Controller->run('/')
#5 [internal function]: Cms\Classes\CmsController->run('/')
#6 /Users/alexfoisy/Sites/ElieJosiePhotographie/vendor/laravel/framework/src/Illuminate/Routing/Controller.php(246): call_user_func_array(Array, Array)
#7 /Users/alexfoisy/Sites/ElieJosiePhotographie/vendor/laravel/framework/src/Illuminate/Routing/ControllerDispatcher.php(162): Illuminate\Routing\Controller->callAction('run', Array)
#8 /Users/alexfoisy/Sites/ElieJosiePhotographie/vendor/laravel/framework/src/Illuminate/Routing/ControllerDispatcher.php(107): Illuminate\Routing\ControllerDispatcher->call(Object(Cms\Classes\CmsController), Object(Illuminate\Routing\Route), 'run')
#9 [internal function]: Illuminate\Routing\ControllerDispatcher->Illuminate\Routing\{closure}(Object(Illuminate\Http\Request))
#10 /Users/alexfoisy/Sites/ElieJosiePhotographie/vendor/laravel/framework/src/Illuminate/Pipeline/Pipeline.php(141): call_user_func(Object(Closure), Object(Illuminate\Http\Request))
#11 [internal function]: Illuminate\Pipeline\Pipeline->Illuminate\Pipeline\{closure}(Object(Illuminate\Http\Request))
#12 /Users/alexfoisy/Sites/ElieJosiePhotographie/vendor/laravel/framework/src/Illuminate/Pipeline/Pipeline.php(101): call_user_func(Object(Closure), Object(Illuminate\Http\Request))
#13 /Users/alexfoisy/Sites/ElieJosiePhotographie/vendor/laravel/framework/src/Illuminate/Routing/ControllerDispatcher.php(108): Illuminate\Pipeline\Pipeline->then(Object(Closure))
#14 /Users/alexfoisy/Sites/ElieJosiePhotographie/vendor/laravel/framework/src/Illuminate/Routing/ControllerDispatcher.php(67): Illuminate\Routing\ControllerDispatcher->callWithinStack(Object(Cms\Classes\CmsController), Object(Illuminate\Routing\Route), Object(Illuminate\Http\Request), 'run')
#15 /Users/alexfoisy/Sites/ElieJosiePhotographie/vendor/laravel/framework/src/Illuminate/Routing/Route.php(204): Illuminate\Routing\ControllerDispatcher->dispatch(Object(Illuminate\Routing\Route), Object(Illuminate\Http\Request), 'Cms\\Classes\\Cms...', 'run')
#16 /Users/alexfoisy/Sites/ElieJosiePhotographie/vendor/laravel/framework/src/Illuminate/Routing/Route.php(134): Illuminate\Routing\Route->runWithCustomDispatcher(Object(Illuminate\Http\Request))
#17 /Users/alexfoisy/Sites/ElieJosiePhotographie/vendor/laravel/framework/src/Illuminate/Routing/Router.php(701): Illuminate\Routing\Route->run(Object(Illuminate\Http\Request))
#18 [internal function]: Illuminate\Routing\Router->Illuminate\Routing\{closure}(Object(Illuminate\Http\Request))
#19 /Users/alexfoisy/Sites/ElieJosiePhotographie/vendor/laravel/framework/src/Illuminate/Pipeline/Pipeline.php(141): call_user_func(Object(Closure), Object(Illuminate\Http\Request))
#20 [internal function]: Illuminate\Pipeline\Pipeline->Illuminate\Pipeline\{closure}(Object(Illuminate\Http\Request))
#21 /Users/alexfoisy/Sites/ElieJosiePhotographie/vendor/laravel/framework/src/Illuminate/Pipeline/Pipeline.php(101): call_user_func(Object(Closure), Object(Illuminate\Http\Request))
#22 /Users/alexfoisy/Sites/ElieJosiePhotographie/vendor/laravel/framework/src/Illuminate/Routing/Router.php(703): Illuminate\Pipeline\Pipeline->then(Object(Closure))
#23 /Users/alexfoisy/Sites/ElieJosiePhotographie/vendor/laravel/framework/src/Illuminate/Routing/Router.php(670): Illuminate\Routing\Router->runRouteWithinStack(Object(Illuminate\Routing\Route), Object(Illuminate\Http\Request))
#24 /Users/alexfoisy/Sites/ElieJosiePhotographie/vendor/laravel/framework/src/Illuminate/Routing/Router.php(628): Illuminate\Routing\Router->dispatchToRoute(Object(Illuminate\Http\Request))
#25 /Users/alexfoisy/Sites/ElieJosiePhotographie/vendor/laravel/framework/src/Illuminate/Foundation/Http/Kernel.php(214): Illuminate\Routing\Router->dispatch(Object(Illuminate\Http\Request))
#26 [internal function]: Illuminate\Foundation\Http\Kernel->Illuminate\Foundation\Http\{closure}(Object(Illuminate\Http\Request))
#27 /Users/alexfoisy/Sites/ElieJosiePhotographie/vendor/laravel/framework/src/Illuminate/Pipeline/Pipeline.php(141): call_user_func(Object(Closure), Object(Illuminate\Http\Request))
#28 /Users/alexfoisy/Sites/ElieJosiePhotographie/vendor/laravel/framework/src/Illuminate/View/Middleware/ShareErrorsFromSession.php(55): Illuminate\Pipeline\Pipeline->Illuminate\Pipeline\{closure}(Object(Illuminate\Http\Request))
#29 /Users/alexfoisy/Sites/ElieJosiePhotographie/vendor/laravel/framework/src/Illuminate/Pipeline/Pipeline.php(125): Illuminate\View\Middleware\ShareErrorsFromSession->handle(Object(Illuminate\Http\Request), Object(Closure))
#30 /Users/alexfoisy/Sites/ElieJosiePhotographie/vendor/laravel/framework/src/Illuminate/Session/Middleware/StartSession.php(61): Illuminate\Pipeline\Pipeline->Illuminate\Pipeline\{closure}(Object(Illuminate\Http\Request))
#31 /Users/alexfoisy/Sites/ElieJosiePhotographie/vendor/laravel/framework/src/Illuminate/Pipeline/Pipeline.php(125): Illuminate\Session\Middleware\StartSession->handle(Object(Illuminate\Http\Request), Object(Closure))
#32 /Users/alexfoisy/Sites/ElieJosiePhotographie/vendor/laravel/framework/src/Illuminate/Cookie/Middleware/AddQueuedCookiesToResponse.php(36): Illuminate\Pipeline\Pipeline->Illuminate\Pipeline\{closure}(Object(Illuminate\Http\Request))
#33 /Users/alexfoisy/Sites/ElieJosiePhotographie/vendor/laravel/framework/src/Illuminate/Pipeline/Pipeline.php(125): Illuminate\Cookie\Middleware\AddQueuedCookiesToResponse->handle(Object(Illuminate\Http\Request), Object(Closure))
#34 /Users/alexfoisy/Sites/ElieJosiePhotographie/vendor/laravel/framework/src/Illuminate/Cookie/Middleware/EncryptCookies.php(40): Illuminate\Pipeline\Pipeline->Illuminate\Pipeline\{closure}(Object(Illuminate\Http\Request))
#35 /Users/alexfoisy/Sites/ElieJosiePhotographie/vendor/laravel/framework/src/Illuminate/Pipeline/Pipeline.php(125): Illuminate\Cookie\Middleware\EncryptCookies->handle(Object(Illuminate\Http\Request), Object(Closure))
#36 /Users/alexfoisy/Sites/ElieJosiePhotographie/vendor/laravel/framework/src/Illuminate/Foundation/Http/Middleware/CheckForMaintenanceMode.php(42): Illuminate\Pipeline\Pipeline->Illuminate\Pipeline\{closure}(Object(Illuminate\Http\Request))
#37 /Users/alexfoisy/Sites/ElieJosiePhotographie/vendor/laravel/framework/src/Illuminate/Pipeline/Pipeline.php(125): Illuminate\Foundation\Http\Middleware\CheckForMaintenanceMode->handle(Object(Illuminate\Http\Request), Object(Closure))
#38 [internal function]: Illuminate\Pipeline\Pipeline->Illuminate\Pipeline\{closure}(Object(Illuminate\Http\Request))
#39 /Users/alexfoisy/Sites/ElieJosiePhotographie/vendor/laravel/framework/src/Illuminate/Pipeline/Pipeline.php(101): call_user_func(Object(Closure), Object(Illuminate\Http\Request))
#40 /Users/alexfoisy/Sites/ElieJosiePhotographie/vendor/laravel/framework/src/Illuminate/Foundation/Http/Kernel.php(115): Illuminate\Pipeline\Pipeline->then(Object(Closure))
#41 /Users/alexfoisy/Sites/ElieJosiePhotographie/vendor/laravel/framework/src/Illuminate/Foundation/Http/Kernel.php(84): Illuminate\Foundation\Http\Kernel->sendRequestThroughRouter(Object(Illuminate\Http\Request))
#42 /Users/alexfoisy/Sites/ElieJosiePhotographie/index.php(44): Illuminate\Foundation\Http\Kernel->handle(Object(Illuminate\Http\Request))
#43 {main}  
